Determining if the pthread_create exist failed with the following output:
Change Dir: /home/julien/github/ST-RSBP/build/CMakeFiles/CMakeTmp

Run Build Command:"/usr/bin/make" "cmTC_d058a/fast"
/usr/bin/make -f CMakeFiles/cmTC_d058a.dir/build.make CMakeFiles/cmTC_d058a.dir/build
make[1]: Entering directory '/home/julien/github/ST-RSBP/build/CMakeFiles/CMakeTmp'
Building C object CMakeFiles/cmTC_d058a.dir/CheckSymbolExists.c.o
/usr/bin/cc    -fPIC    -o CMakeFiles/cmTC_d058a.dir/CheckSymbolExists.c.o   -c /home/julien/github/ST-RSBP/build/CMakeFiles/CMakeTmp/CheckSymbolExists.c
Linking C executable cmTC_d058a
/usr/local/bin/cmake -E cmake_link_script CMakeFiles/cmTC_d058a.dir/link.txt --verbose=1
/usr/bin/cc  -fPIC     CMakeFiles/cmTC_d058a.dir/CheckSymbolExists.c.o  -o cmTC_d058a -rdynamic 
CMakeFiles/cmTC_d058a.dir/CheckSymbolExists.c.o: In function `main':
CheckSymbolExists.c:(.text+0x1b): undefined reference to `pthread_create'
collect2: error: ld returned 1 exit status
CMakeFiles/cmTC_d058a.dir/build.make:97: recipe for target 'cmTC_d058a' failed
make[1]: *** [cmTC_d058a] Error 1
make[1]: Leaving directory '/home/julien/github/ST-RSBP/build/CMakeFiles/CMakeTmp'
Makefile:126: recipe for target 'cmTC_d058a/fast' failed
make: *** [cmTC_d058a/fast] Error 2

File /home/julien/github/ST-RSBP/build/CMakeFiles/CMakeTmp/CheckSymbolExists.c:
/* */
#include <pthread.h>

int main(int argc, char** argv)
{
  (void)argv;
#ifndef pthread_create
  return ((int*)(&pthread_create))[argc];
#else
  (void)argc;
  return 0;
#endif
}

Determining if the function pthread_create exists in the pthreads failed with the following output:
Change Dir: /home/julien/github/ST-RSBP/build/CMakeFiles/CMakeTmp

Run Build Command:"/usr/bin/make" "cmTC_64d26/fast"
/usr/bin/make -f CMakeFiles/cmTC_64d26.dir/build.make CMakeFiles/cmTC_64d26.dir/build
make[1]: Entering directory '/home/julien/github/ST-RSBP/build/CMakeFiles/CMakeTmp'
Building C object CMakeFiles/cmTC_64d26.dir/CheckFunctionExists.c.o
/usr/bin/cc    -fPIC -DCHECK_FUNCTION_EXISTS=pthread_create   -o CMakeFiles/cmTC_64d26.dir/CheckFunctionExists.c.o   -c /usr/local/share/cmake-3.5/Modules/CheckFunctionExists.c
Linking C executable cmTC_64d26
/usr/local/bin/cmake -E cmake_link_script CMakeFiles/cmTC_64d26.dir/link.txt --verbose=1
/usr/bin/cc  -fPIC -DCHECK_FUNCTION_EXISTS=pthread_create    CMakeFiles/cmTC_64d26.dir/CheckFunctionExists.c.o  -o cmTC_64d26 -rdynamic -lpthreads 
/usr/bin/ld: cannot find -lpthreads
collect2: error: ld returned 1 exit status
CMakeFiles/cmTC_64d26.dir/build.make:97: recipe for target 'cmTC_64d26' failed
make[1]: *** [cmTC_64d26] Error 1
make[1]: Leaving directory '/home/julien/github/ST-RSBP/build/CMakeFiles/CMakeTmp'
Makefile:126: recipe for target 'cmTC_64d26/fast' failed
make: *** [cmTC_64d26/fast] Error 2


